<?xml version="1.0" encoding="UTF-8"?>
<testsuite name="StudentTest" tests="1" skipped="0" failures="0" errors="0" timestamp="2022-04-25T15:08:12" hostname="DESKTOP-V019BVR" time="0.021">
  <properties/>
  <testcase name="testNoHpFalse()" classname="StudentTest" time="0.021"/>
  <system-out><![CDATA[]]></system-out>
  <system-err><![CDATA[]]></system-err>
</testsuite>
