<?xml version="1.0" encoding="UTF-8"?>
<testsuite name="StudentTest" tests="1" skipped="0" failures="0" errors="0" timestamp="2022-04-25T12:44:06" hostname="DESKTOP-V019BVR" time="0.05">
  <properties/>
  <testcase name="convertDate()" classname="StudentTest" time="0.05"/>
  <system-out><![CDATA[]]></system-out>
  <system-err><![CDATA[]]></system-err>
</testsuite>
